<?xml version="1.0" encoding="UTF-8" standalone="yes"?><!DOCTYPE report PUBLIC "-//JACOCO//DTD Report 1.1//EN" "report.dtd"><report name="TP3v2"><sessioninfo id="ECHO-DEMONIAQUE-1a58b68d" start="1664898133295" dump="1664898133882"/><sessioninfo id="ECHO-DEMONIAQUE-377751b6" start="1664898683164" dump="1664898683712"/><sessioninfo id="ECHO-DEMONIAQUE-6a46f4a9" start="1664898796503" dump="1664898797036"/><sessioninfo id="ECHO-DEMONIAQUE-24f66ce" start="1664898916965" dump="1664898917500"/><sessioninfo id="ECHO-DEMONIAQUE-997f93ec" start="1665136646101" dump="1665136646646"/><sessioninfo id="ECHO-DEMONIAQUE-ee9e2f7c" start="1665136803757" dump="1665136804315"/><sessioninfo id="ECHO-DEMONIAQUE-adaf3df2" start="1665141484822" dump="1665141485930"/><sessioninfo id="ECHO-DEMONIAQUE-5c42d205" start="1665141803356" dump="1665141804516"/><sessioninfo id="ECHO-DEMONIAQUE-df6ebbb3" start="1665389980322" dump="1665389981074"/><sessioninfo id="ECHO-DEMONIAQUE-649a8114" start="1665492470506" dump="1665492471153"/><sessioninfo id="ECHO-DEMONIAQUE-e396b11f" start="1665492509300" dump="1665492509873"/><sessioninfo id="ECHO-DEMONIAQUE-27a26864" start="1665492858237" dump="1665492858981"/><sessioninfo id="ECHO-DEMONIAQUE-408565db" start="1665493612841" dump="1665493613448"/><sessioninfo id="ECHO-DEMONIAQUE-419a5073" start="1665494691309" dump="1665494691966"/><sessioninfo id="ECHO-DEMONIAQUE-5a758bd4" start="1665494821912" dump="1665494822597"/><sessioninfo id="ECHO-DEMONIAQUE-110ee1fc" start="1665495135201" dump="1665495135754"/><sessioninfo id="ECHO-DEMONIAQUE-4f2fefcc" start="1665495404381" dump="1665495404985"/><sessioninfo id="ECHO-DEMONIAQUE-77660207" start="1665495543297" dump="1665495543865"/><sessioninfo id="ECHO-DEMONIAQUE-61959e4b" start="1665495738884" dump="1665495739456"/><sessioninfo id="ECHO-DEMONIAQUE-14512b32" start="1665495843192" dump="1665495843756"/><sessioninfo id="ECHO-DEMONIAQUE-387c9572" start="1665495914869" dump="1665495915432"/><sessioninfo id="ECHO-DEMONIAQUE-92946fff" start="1665495944943" dump="1665495945480"/><sessioninfo id="ECHO-DEMONIAQUE-dfb9a72b" start="1665495967315" dump="1665495967879"/><sessioninfo id="ECHO-DEMONIAQUE-9d11837c" start="1665496065831" dump="1665496066414"/><sessioninfo id="ECHO-DEMONIAQUE-b5b82030" start="1665496104265" dump="1665496104837"/><sessioninfo id="ECHO-DEMONIAQUE-667ba908" start="1665496664737" dump="1665496665302"/><sessioninfo id="ECHO-DEMONIAQUE-f8627338" start="1665496968637" dump="1665496969180"/><sessioninfo id="ECHO-DEMONIAQUE-6a83309f" start="1665497045110" dump="1665497045687"/><sessioninfo id="ECHO-DEMONIAQUE-505543f4" start="1665497132738" dump="1665497133302"/><sessioninfo id="ECHO-DEMONIAQUE-cc0c84bc" start="1665497259976" dump="1665497260624"/><sessioninfo id="ECHO-DEMONIAQUE-578a9a35" start="1665505292532" dump="1665505293179"/><sessioninfo id="ECHO-DEMONIAQUE-6bb23107" start="1665505823023" dump="1665505823593"/><sessioninfo id="ECHO-DEMONIAQUE-33002b4c" start="1665506025809" dump="1665506026384"/><sessioninfo id="ECHO-DEMONIAQUE-bbad97bd" start="1665506489393" dump="1665506489935"/><sessioninfo id="ECHO-DEMONIAQUE-a2e2ad4c" start="1665506608898" dump="1665506609446"/><sessioninfo id="ECHO-DEMONIAQUE-ddf3faf" start="1665706550597" dump="1665706552145"/><sessioninfo id="ECHO-DEMONIAQUE-18b1e614" start="1665709629568" dump="1665709630367"/><sessioninfo id="ECHO-DEMONIAQUE-efeb3826" start="1665709644616" dump="1665709645526"/><sessioninfo id="ECHO-DEMONIAQUE-e6ce3c2e" start="1665709798343" dump="1665709799094"/><sessioninfo id="ECHO-DEMONIAQUE-392cc37b" start="1665710018748" dump="1665710019506"/><sessioninfo id="ECHO-DEMONIAQUE-c2b4a0d5" start="1665710030590" dump="1665710031448"/><sessioninfo id="ECHO-DEMONIAQUE-b5fabc5a" start="1665710182604" dump="1665710183423"/><sessioninfo id="ECHO-DEMONIAQUE-70505c4a" start="1665736407081" dump="1665736407765"/><package name="OMD/ANNICGRANDJEAN/TP3v2"><class name="OMD/ANNICGRANDJEAN/TP3v2/App" sourcefilename="App.java"><method name="&lt;clinit&gt;" desc="()V" line="13"><counter type="INSTRUCTION" missed="6" covered="0"/><counter type="LINE" missed="1" covered="0"/><counter type="COMPLEXITY" missed="1" covered="0"/><counter type="METHOD" missed="1" covered="0"/></method><method name="&lt;init&gt;" desc="()V" line="10"><counter type="INSTRUCTION" missed="3" covered="0"/><counter type="LINE" missed="1" covered="0"/><counter type="COMPLEXITY" missed="1" covered="0"/><counter type="METHOD" missed="1" covered="0"/></method><method name="main" desc="([Ljava/lang/String;)V" line="17"><counter type="INSTRUCTION" missed="4" covered="0"/><counter type="LINE" missed="2" covered="0"/><counter type="COMPLEXITY" missed="1" covered="0"/><counter type="METHOD" missed="1" covered="0"/></method><counter type="INSTRUCTION" missed="13" covered="0"/><counter type="LINE" missed="4" covered="0"/><counter type="COMPLEXITY" missed="3" covered="0"/><counter type="METHOD" missed="3" covered="0"/><counter type="CLASS" missed="1" covered="0"/></class><class name="OMD/ANNICGRANDJEAN/TP3v2/FirstPdf" sourcefilename="FirstPdf.java"><method name="&lt;clinit&gt;" desc="()V" line="27"><counter type="INSTRUCTION" missed="34" covered="0"/><counter type="LINE" missed="7" covered="0"/><counter type="COMPLEXITY" missed="1" covered="0"/><counter type="METHOD" missed="1" covered="0"/></method><method name="&lt;init&gt;" desc="()V" line="26"><counter type="INSTRUCTION" missed="3" covered="0"/><counter type="LINE" missed="1" covered="0"/><counter type="COMPLEXITY" missed="1" covered="0"/><counter type="METHOD" missed="1" covered="0"/></method><method name="main" desc="([Ljava/lang/String;)V" line="37"><counter type="INSTRUCTION" missed="26" covered="0"/><counter type="LINE" missed="10" covered="0"/><counter type="COMPLEXITY" missed="1" covered="0"/><counter type="METHOD" missed="1" covered="0"/></method><method name="addMetaData" desc="(Lcom/itextpdf/text/Document;)V" line="53"><counter type="INSTRUCTION" missed="21" covered="0"/><counter type="LINE" missed="6" covered="0"/><counter type="COMPLEXITY" missed="1" covered="0"/><counter type="METHOD" missed="1" covered="0"/></method><method name="addTitlePage" desc="(Lcom/itextpdf/text/Document;)V" line="61"><counter type="INSTRUCTION" missed="69" covered="0"/><counter type="LINE" missed="17" covered="0"/><counter type="COMPLEXITY" missed="1" covered="0"/><counter type="METHOD" missed="1" covered="0"/></method><method name="addContent" desc="(Lcom/itextpdf/text/Document;)V" line="89"><counter type="INSTRUCTION" missed="125" covered="0"/><counter type="LINE" missed="25" covered="0"/><counter type="COMPLEXITY" missed="1" covered="0"/><counter type="METHOD" missed="1" covered="0"/></method><method name="createTable" desc="(Lcom/itextpdf/text/Section;)V" line="134"><counter type="INSTRUCTION" missed="76" covered="0"/><counter type="LINE" missed="19" covered="0"/><counter type="COMPLEXITY" missed="1" covered="0"/><counter type="METHOD" missed="1" covered="0"/></method><method name="createList" desc="(Lcom/itextpdf/text/Section;)V" line="166"><counter type="INSTRUCTION" missed="33" covered="0"/><counter type="LINE" missed="6" covered="0"/><counter type="COMPLEXITY" missed="1" covered="0"/><counter type="METHOD" missed="1" covered="0"/></method><method name="addEmptyLine" desc="(Lcom/itextpdf/text/Paragraph;I)V" line="174"><counter type="INSTRUCTION" missed="15" covered="0"/><counter type="BRANCH" missed="2" covered="0"/><counter type="LINE" missed="3" covered="0"/><counter type="COMPLEXITY" missed="2" covered="0"/><counter type="METHOD" missed="1" covered="0"/></method><method name="getFILE" desc="()Ljava/lang/String;" line="180"><counter type="INSTRUCTION" missed="2" covered="0"/><counter type="LINE" missed="1" covered="0"/><counter type="COMPLEXITY" missed="1" covered="0"/><counter type="METHOD" missed="1" covered="0"/></method><method name="inutile" desc="(I)I" line="184"><counter type="INSTRUCTION" missed="12" covered="0"/><counter type="BRANCH" missed="4" covered="0"/><counter type="LINE" missed="5" covered="0"/><counter type="COMPLEXITY" missed="3" covered="0"/><counter type="METHOD" missed="1" covered="0"/></method><method name="inutile2" desc="()I" line="196"><counter type="INSTRUCTION" missed="2" covered="0"/><counter type="LINE" missed="1" covered="0"/><counter type="COMPLEXITY" missed="1" covered="0"/><counter type="METHOD" missed="1" covered="0"/></method><method name="inutile3" desc="()I" line="202"><counter type="INSTRUCTION" missed="6" covered="0"/><counter type="LINE" missed="3" covered="0"/><counter type="COMPLEXITY" missed="1" covered="0"/><counter type="METHOD" missed="1" covered="0"/></method><counter type="INSTRUCTION" missed="424" covered="0"/><counter type="BRANCH" missed="6" covered="0"/><counter type="LINE" missed="104" covered="0"/><counter type="COMPLEXITY" missed="16" covered="0"/><counter type="METHOD" missed="13" covered="0"/><counter type="CLASS" missed="1" covered="0"/></class><sourcefile name="App.java"><line nr="10" mi="3" ci="0" mb="0" cb="0"/><line nr="13" mi="6" ci="0" mb="0" cb="0"/><line nr="17" mi="3" ci="0" mb="0" cb="0"/><line nr="18" mi="1" ci="0" mb="0" cb="0"/><counter type="INSTRUCTION" missed="13" covered="0"/><counter type="LINE" missed="4" covered="0"/><counter type="COMPLEXITY" missed="3" covered="0"/><counter type="METHOD" missed="3" covered="0"/><counter type="CLASS" missed="1" covered="0"/></sourcefile><sourcefile name="FirstPdf.java"><line nr="26" mi="3" ci="0" mb="0" cb="0"/><line nr="27" mi="2" ci="0" mb="0" cb="0"/><line nr="28" mi="7" ci="0" mb="0" cb="0"/><line nr="29" mi="1" ci="0" mb="0" cb="0"/><line nr="30" mi="7" ci="0" mb="0" cb="0"/><line nr="31" mi="7" ci="0" mb="0" cb="0"/><line nr="32" mi="7" ci="0" mb="0" cb="0"/><line nr="33" mi="3" ci="0" mb="0" cb="0"/><line nr="37" mi="4" ci="0" mb="0" cb="0"/><line nr="38" mi="7" ci="0" mb="0" cb="0"/><line nr="39" mi="2" ci="0" mb="0" cb="0"/><line nr="40" mi="2" ci="0" mb="0" cb="0"/><line nr="41" mi="2" ci="0" mb="0" cb="0"/><line nr="42" mi="2" ci="0" mb="0" cb="0"/><line nr="43" mi="2" ci="0" mb="0" cb="0"/><line nr="44" mi="2" ci="0" mb="0" cb="0"/><line nr="45" mi="2" ci="0" mb="0" cb="0"/><line nr="47" mi="1" ci="0" mb="0" cb="0"/><line nr="53" mi="4" ci="0" mb="0" cb="0"/><line nr="54" mi="4" ci="0" mb="0" cb="0"/><line nr="55" mi="4" ci="0" mb="0" cb="0"/><line nr="56" mi="4" ci="0" mb="0" cb="0"/><line nr="57" mi="4" ci="0" mb="0" cb="0"/><line nr="58" mi="1" ci="0" mb="0" cb="0"/><line nr="61" mi="4" ci="0" mb="0" cb="0"/><line nr="63" mi="3" ci="0" mb="0" cb="0"/><line nr="65" mi="8" ci="0" mb="0" cb="0"/><line nr="67" mi="3" ci="0" mb="0" cb="0"/><line nr="69" mi="3" ci="0" mb="0" cb="0"/><line nr="70" mi="17" ci="0" mb="0" cb="0"/><line nr="72" mi="1" ci="0" mb="0" cb="0"/><line nr="73" mi="3" ci="0" mb="0" cb="0"/><line nr="74" mi="3" ci="0" mb="0" cb="0"/><line nr="75" mi="5" ci="0" mb="0" cb="0"/><line nr="77" mi="3" ci="0" mb="0" cb="0"/><line nr="79" mi="5" ci="0" mb="0" cb="0"/><line nr="80" mi="1" ci="0" mb="0" cb="0"/><line nr="81" mi="2" ci="0" mb="0" cb="0"/><line nr="83" mi="4" ci="0" mb="0" cb="0"/><line nr="85" mi="3" ci="0" mb="0" cb="0"/><line nr="86" mi="1" ci="0" mb="0" cb="0"/><line nr="89" mi="6" ci="0" mb="0" cb="0"/><line nr="90" mi="3" ci="0" mb="0" cb="0"/><line nr="93" mi="9" ci="0" mb="0" cb="0"/><line nr="95" mi="6" ci="0" mb="0" cb="0"/><line nr="96" mi="4" ci="0" mb="0" cb="0"/><line nr="97" mi="7" ci="0" mb="0" cb="0"/><line nr="99" mi="6" ci="0" mb="0" cb="0"/><line nr="100" mi="4" ci="0" mb="0" cb="0"/><line nr="101" mi="7" ci="0" mb="0" cb="0"/><line nr="102" mi="7" ci="0" mb="0" cb="0"/><line nr="103" mi="7" ci="0" mb="0" cb="0"/><line nr="106" mi="2" ci="0" mb="0" cb="0"/><line nr="107" mi="4" ci="0" mb="0" cb="0"/><line nr="108" mi="3" ci="0" mb="0" cb="0"/><line nr="109" mi="4" ci="0" mb="0" cb="0"/><line nr="112" mi="2" ci="0" mb="0" cb="0"/><line nr="115" mi="4" ci="0" mb="0" cb="0"/><line nr="118" mi="6" ci="0" mb="0" cb="0"/><line nr="119" mi="3" ci="0" mb="0" cb="0"/><line nr="122" mi="9" ci="0" mb="0" cb="0"/><line nr="124" mi="6" ci="0" mb="0" cb="0"/><line nr="125" mi="4" ci="0" mb="0" cb="0"/><line nr="126" mi="7" ci="0" mb="0" cb="0"/><line nr="129" mi="4" ci="0" mb="0" cb="0"/><line nr="131" mi="1" ci="0" mb="0" cb="0"/><line nr="134" mi="5" ci="0" mb="0" cb="0"/><line nr="141" mi="8" ci="0" mb="0" cb="0"/><line nr="142" mi="3" ci="0" mb="0" cb="0"/><line nr="143" mi="4" ci="0" mb="0" cb="0"/><line nr="145" mi="8" ci="0" mb="0" cb="0"/><line nr="146" mi="3" ci="0" mb="0" cb="0"/><line nr="147" mi="4" ci="0" mb="0" cb="0"/><line nr="149" mi="8" ci="0" mb="0" cb="0"/><line nr="150" mi="3" ci="0" mb="0" cb="0"/><line nr="151" mi="4" ci="0" mb="0" cb="0"/><line nr="152" mi="3" ci="0" mb="0" cb="0"/><line nr="154" mi="3" ci="0" mb="0" cb="0"/><line nr="155" mi="3" ci="0" mb="0" cb="0"/><line nr="156" mi="3" ci="0" mb="0" cb="0"/><line nr="157" mi="3" ci="0" mb="0" cb="0"/><line nr="158" mi="3" ci="0" mb="0" cb="0"/><line nr="159" mi="3" ci="0" mb="0" cb="0"/><line nr="161" mi="4" ci="0" mb="0" cb="0"/><line nr="163" mi="1" ci="0" mb="0" cb="0"/><line nr="166" mi="7" ci="0" mb="0" cb="0"/><line nr="167" mi="7" ci="0" mb="0" cb="0"/><line nr="168" mi="7" ci="0" mb="0" cb="0"/><line nr="169" mi="7" ci="0" mb="0" cb="0"/><line nr="170" mi="4" ci="0" mb="0" cb="0"/><line nr="171" mi="1" ci="0" mb="0" cb="0"/><line nr="174" mi="7" ci="0" mb="2" cb="0"/><line nr="175" mi="7" ci="0" mb="0" cb="0"/><line nr="177" mi="1" ci="0" mb="0" cb="0"/><line nr="180" mi="2" ci="0" mb="0" cb="0"/><line nr="184" mi="3" ci="0" mb="2" cb="0"/><line nr="185" mi="2" ci="0" mb="0" cb="0"/><line nr="186" mi="3" ci="0" mb="2" cb="0"/><line nr="187" mi="2" ci="0" mb="0" cb="0"/><line nr="189" mi="2" ci="0" mb="0" cb="0"/><line nr="196" mi="2" ci="0" mb="0" cb="0"/><line nr="202" mi="2" ci="0" mb="0" cb="0"/><line nr="203" mi="2" ci="0" mb="0" cb="0"/><line nr="204" mi="2" ci="0" mb="0" cb="0"/><counter type="INSTRUCTION" missed="424" covered="0"/><counter type="BRANCH" missed="6" covered="0"/><counter type="LINE" missed="104" covered="0"/><counter type="COMPLEXITY" missed="16" covered="0"/><counter type="METHOD" missed="13" covered="0"/><counter type="CLASS" missed="1" covered="0"/></sourcefile><counter type="INSTRUCTION" missed="437" covered="0"/><counter type="BRANCH" missed="6" covered="0"/><counter type="LINE" missed="108" covered="0"/><counter type="COMPLEXITY" missed="19" covered="0"/><counter type="METHOD" missed="16" covered="0"/><counter type="CLASS" missed="2" covered="0"/></package><counter type="INSTRUCTION" missed="437" covered="0"/><counter type="BRANCH" missed="6" covered="0"/><counter type="LINE" missed="108" covered="0"/><counter type="COMPLEXITY" missed="19" covered="0"/><counter type="METHOD" missed="16" covered="0"/><counter type="CLASS" missed="2" covered="0"/></report>